
===========================================================================
Model "Body1-82" exists. Name "Body1-82_1" used instead.
===========================================================================

===========================================================================
Model "Body1-84" exists. Name "Body1-84_1" used instead.
===========================================================================

===========================================================================
Model "KSD301" exists. Name "KSD301_1" used instead.
===========================================================================

===========================================================================
Model "Cap" exists. Name "Cap_1" used instead.
===========================================================================

===========================================================================
Model "Flange" exists. Name "Flange_1" used instead.
===========================================================================

===========================================================================
Model "Base" exists. Name "Base_1" used instead.
===========================================================================

===========================================================================
Model "Contact" exists. Name "Contact_1" used instead.
===========================================================================

===========================================================================
Model "Contact_pin" exists. Name "Contact_pin_1" used instead.
===========================================================================

===========================================================================
Model "Contact_Mirror_" exists. Name "Contact_Mirror__1" used instead.
===========================================================================

===========================================================================
Model "Contact_pin_Mirror_" exists. Name "Contact_pin_Mirror__1" used instead.
===========================================================================
